[2022-03-10 15:23:54.916] [exthost] [info] Extension host with pid 234 started
[2022-03-10 15:23:55.014] [exthost] [info] Lock '/home/flbo/.vscode-server/data/User/workspaceStorage/7d4fccc95b49b33bedc4cf4a620f587e/vscode.lock': Lock acquired.
[2022-03-10 15:23:55.346] [exthost] [info] ExtensionService#_doActivateExtension vscode.extension-editing, startup: false, activationEvent: 'onLanguage:markdown'
[2022-03-10 15:23:55.406] [exthost] [info] ExtensionService#_doActivateExtension vscode.markdown-language-features, startup: false, activationEvent: 'onLanguage:markdown'
[2022-03-10 15:23:55.686] [exthost] [info] ExtensionService#_doActivateExtension vscode.debug-auto-launch, startup: true, activationEvent: '*'
[2022-03-10 15:23:55.718] [exthost] [info] ExtensionService#_doActivateExtension vscode.git-base, startup: true, activationEvent: '*', root cause: vscode.github
[2022-03-10 15:23:55.778] [exthost] [info] ExtensionService#_doActivateExtension vscode.ipynb, startup: true, activationEvent: '*'
[2022-03-10 15:23:55.877] [exthost] [info] ExtensionService#_doActivateExtension christian-kohler.path-intellisense, startup: true, activationEvent: '*'
[2022-03-10 15:23:55.948] [exthost] [info] ExtensionService#_doActivateExtension naumovs.color-highlight, startup: true, activationEvent: '*'
[2022-03-10 15:23:56.696] [exthost] [info] ExtensionService#_doActivateExtension vscode.git, startup: true, activationEvent: '*'
[2022-03-10 15:23:57.031] [exthost] [info] ExtensionService#_doActivateExtension vscode.github, startup: true, activationEvent: '*'
[2022-03-10 15:23:57.430] [exthost] [info] ExtensionService#_doActivateExtension vscode.markdown-math, startup: false, activationEvent: 'api', root cause: vscode.markdown-language-features
[2022-03-10 15:23:57.956] [exthost] [info] ExtensionService#_doActivateExtension vscode.emmet, startup: false, activationEvent: 'onStartupFinished'
[2022-03-10 15:23:57.984] [exthost] [info] ExtensionService#_doActivateExtension vscode.merge-conflict, startup: false, activationEvent: 'onStartupFinished'
[2022-03-10 15:23:57.999] [exthost] [info] ExtensionService#_doActivateExtension esbenp.prettier-vscode, startup: false, activationEvent: 'onStartupFinished'
[2022-03-10 15:23:59.131] [exthost] [info] ExtensionService#_doActivateExtension ritwickdey.LiveServer, startup: false, activationEvent: 'onStartupFinished'
[2022-03-10 15:23:59.970] [exthost] [info] Eager extensions activated
[2022-03-10 15:27:43.020] [exthost] [info] ExtensionService#_doActivateExtension vscode.html-language-features, startup: false, activationEvent: 'onLanguage:html'
[2022-03-10 15:42:35.707] [exthost] [info] extension host terminating: received terminate message from renderer
[2022-03-10 15:42:35.714] [exthost] [info] Lock '/home/flbo/.vscode-server/data/User/workspaceStorage/7d4fccc95b49b33bedc4cf4a620f587e/vscode.lock': Marking the lockfile as scheduled to be released in 6000 ms.
[2022-03-10 15:42:35.865] [exthost] [info] Extension host with pid 234 exiting with code 0
