[2022-03-10T18:59:25.095Z] Validating found git in: git
[2022-03-10T18:59:25.574Z] Using git 2.25.1 from git
[2022-03-10T18:59:28.977Z] > git rev-parse --git-dir [20ms]
[2022-03-10T18:59:28.991Z] Open repository: /home/flbo
[2022-03-10T18:59:29.666Z] > git ls-files --stage -- /home/flbo/.bash_history [70ms]
[2022-03-10T18:59:32.048Z] > git symbolic-ref --short HEAD [6ms]
[2022-03-10T18:59:32.084Z] > git for-each-ref --format=%(refname)%00%(upstream:short)%00%(objectname)%00%(upstream:track) refs/heads/master refs/remotes/master [5ms]
[2022-03-10T18:59:32.184Z] > git for-each-ref --sort -committerdate --format %(refname) %(objectname) %(*objectname) [67ms]
[2022-03-10T18:59:32.213Z] > git remote --verbose [33ms]
[2022-03-10T18:59:36.699Z] > git config --get commit.template [124ms]
[2022-03-10T18:59:46.425Z] > git symbolic-ref --short HEAD [28ms]
[2022-03-10T18:59:46.612Z] > git for-each-ref --format=%(refname)%00%(upstream:short)%00%(objectname)%00%(upstream:track) refs/heads/master refs/remotes/master [18ms]
[2022-03-10T18:59:46.753Z] > git for-each-ref --sort -committerdate --format %(refname) %(objectname) %(*objectname) [54ms]
[2022-03-10T18:59:46.765Z] > git remote --verbose [15ms]
[2022-03-10T18:59:58.000Z] > git config --get commit.template [90ms]
[2022-03-10T18:59:58.825Z] > git log --format=%H%n%aN%n%aE%n%at%n%ct%n%P%n%B -z -n27 -- /home/flbo/.bash_history [8ms]
[2022-03-10T18:59:58.826Z] fatal: your current branch 'master' does not have any commits yet
[2022-03-10T19:00:06.915Z] > git symbolic-ref --short HEAD [17ms]
[2022-03-10T19:00:06.996Z] > git for-each-ref --format=%(refname)%00%(upstream:short)%00%(objectname)%00%(upstream:track) refs/heads/master refs/remotes/master [7ms]
[2022-03-10T19:00:07.185Z] > git for-each-ref --sort -committerdate --format %(refname) %(objectname) %(*objectname) [118ms]
[2022-03-10T19:00:07.199Z] > git remote --verbose [30ms]
[2022-03-10T19:00:18.525Z] > git config --get commit.template [209ms]
[2022-03-10T19:00:27.001Z] > git symbolic-ref --short HEAD [14ms]
[2022-03-10T19:00:27.052Z] > git for-each-ref --format=%(refname)%00%(upstream:short)%00%(objectname)%00%(upstream:track) refs/heads/master refs/remotes/master [9ms]
[2022-03-10T19:00:27.154Z] > git for-each-ref --sort -committerdate --format %(refname) %(objectname) %(*objectname) [59ms]
[2022-03-10T19:00:27.156Z] > git remote --verbose [19ms]
[2022-03-10T19:00:35.972Z] > git config --get commit.template [61ms]
[2022-03-10T19:00:44.954Z] > git symbolic-ref --short HEAD [728ms]
[2022-03-10T19:00:45.189Z] > git for-each-ref --format=%(refname)%00%(upstream:short)%00%(objectname)%00%(upstream:track) refs/heads/master refs/remotes/master [143ms]
[2022-03-10T19:00:45.470Z] > git log --format=%H%n%aN%n%aE%n%at%n%ct%n%P%n%B -z -n21 -- /home/flbo/Prueba/uno/README.md [533ms]
[2022-03-10T19:00:45.470Z] fatal: your current branch 'master' does not have any commits yet
[2022-03-10T19:00:45.516Z] > git remote --verbose [48ms]
[2022-03-10T19:00:45.516Z] > git for-each-ref --sort -committerdate --format %(refname) %(objectname) %(*objectname) [196ms]
[2022-03-10T19:00:52.564Z] > git ls-files --stage -- /home/flbo/Prueba/uno/README.md [432ms]
[2022-03-10T19:00:52.583Z] > git config --get commit.template [574ms]
[2022-03-10T19:01:01.907Z] > git symbolic-ref --short HEAD [8ms]
[2022-03-10T19:01:01.956Z] > git for-each-ref --format=%(refname)%00%(upstream:short)%00%(objectname)%00%(upstream:track) refs/heads/master refs/remotes/master [6ms]
[2022-03-10T19:01:02.047Z] > git for-each-ref --sort -committerdate --format %(refname) %(objectname) %(*objectname) [46ms]
[2022-03-10T19:01:02.050Z] > git remote --verbose [6ms]
[2022-03-10T19:01:13.234Z] > git config --get commit.template [200ms]
[2022-03-10T19:01:23.092Z] > git symbolic-ref --short HEAD [104ms]
[2022-03-10T19:01:23.221Z] > git for-each-ref --format=%(refname)%00%(upstream:short)%00%(objectname)%00%(upstream:track) refs/heads/master refs/remotes/master [15ms]
[2022-03-10T19:01:23.428Z] > git for-each-ref --sort -committerdate --format %(refname) %(objectname) %(*objectname) [100ms]
[2022-03-10T19:01:23.430Z] > git remote --verbose [17ms]
[2022-03-10T19:01:33.828Z] > git config --get commit.template [285ms]
[2022-03-10T19:01:36.975Z] > git log --format=%H%n%aN%n%aE%n%at%n%ct%n%P%n%B -z -n21 -- /home/flbo/Prueba/prueba.html [222ms]
[2022-03-10T19:01:36.976Z] fatal: your current branch 'master' does not have any commits yet
[2022-03-10T19:01:37.822Z] > git ls-files --stage -- /home/flbo/Prueba/prueba.html [15ms]
[2022-03-10T19:01:39.425Z] > git log --format=%H%n%aN%n%aE%n%at%n%ct%n%P%n%B -z -n21 -- /home/flbo/Prueba/README.md [39ms]
[2022-03-10T19:01:39.425Z] fatal: your current branch 'master' does not have any commits yet
[2022-03-10T19:01:39.879Z] > git ls-files --stage -- /home/flbo/Prueba/README.md [26ms]
[2022-03-10T19:01:43.894Z] > git symbolic-ref --short HEAD [6ms]
[2022-03-10T19:01:43.964Z] > git for-each-ref --format=%(refname)%00%(upstream:short)%00%(objectname)%00%(upstream:track) refs/heads/master refs/remotes/master [7ms]
[2022-03-10T19:01:44.061Z] > git for-each-ref --sort -committerdate --format %(refname) %(objectname) %(*objectname) [49ms]
[2022-03-10T19:01:44.065Z] > git remote --verbose [7ms]
[2022-03-10T19:01:52.455Z] > git config --get commit.template [335ms]
[2022-03-10T19:01:53.755Z] > git ls-files --stage -- /home/flbo/Prueba/prueba.html [18ms]
[2022-03-10T19:02:01.046Z] > git symbolic-ref --short HEAD [7ms]
[2022-03-10T19:02:01.109Z] > git for-each-ref --format=%(refname)%00%(upstream:short)%00%(objectname)%00%(upstream:track) refs/heads/master refs/remotes/master [13ms]
[2022-03-10T19:02:01.402Z] > git for-each-ref --sort -committerdate --format %(refname) %(objectname) %(*objectname) [186ms]
[2022-03-10T19:02:01.414Z] > git remote --verbose [30ms]
[2022-03-10T19:02:08.455Z] > git config --get commit.template [127ms]
