[2022-03-10 14:29:27.376] [exthost] [info] Extension host with pid 378 started
[2022-03-10 14:29:27.910] [exthost] [info] Lock '/home/flbo/.vscode-server/data/User/workspaceStorage/7d4fccc95b49b33bedc4cf4a620f587e/vscode.lock': Lock acquired.
[2022-03-10 14:29:28.420] [exthost] [info] ExtensionService#_doActivateExtension vscode.extension-editing, startup: false, activationEvent: 'onLanguage:markdown'
[2022-03-10 14:29:28.530] [exthost] [info] ExtensionService#_doActivateExtension vscode.markdown-language-features, startup: false, activationEvent: 'onLanguage:markdown'
[2022-03-10 14:29:28.882] [exthost] [info] ExtensionService#_doActivateExtension vscode.debug-auto-launch, startup: true, activationEvent: '*'
[2022-03-10 14:29:28.900] [exthost] [info] ExtensionService#_doActivateExtension vscode.git-base, startup: true, activationEvent: '*', root cause: vscode.github
[2022-03-10 14:29:28.932] [exthost] [info] ExtensionService#_doActivateExtension vscode.ipynb, startup: true, activationEvent: '*'
[2022-03-10 14:29:28.998] [exthost] [info] ExtensionService#_doActivateExtension christian-kohler.path-intellisense, startup: true, activationEvent: '*'
[2022-03-10 14:29:29.070] [exthost] [info] ExtensionService#_doActivateExtension naumovs.color-highlight, startup: true, activationEvent: '*'
[2022-03-10 14:29:29.422] [exthost] [info] ExtensionService#_doActivateExtension vscode.git, startup: true, activationEvent: '*'
[2022-03-10 14:29:29.781] [exthost] [info] ExtensionService#_doActivateExtension vscode.github, startup: true, activationEvent: '*'
[2022-03-10 14:29:30.152] [exthost] [info] ExtensionService#_doActivateExtension vscode.markdown-math, startup: false, activationEvent: 'api', root cause: vscode.markdown-language-features
[2022-03-10 14:29:30.561] [exthost] [info] ExtensionService#_doActivateExtension vscode.emmet, startup: false, activationEvent: 'onStartupFinished'
[2022-03-10 14:29:30.641] [exthost] [info] ExtensionService#_doActivateExtension vscode.merge-conflict, startup: false, activationEvent: 'onStartupFinished'
[2022-03-10 14:29:30.667] [exthost] [info] ExtensionService#_doActivateExtension esbenp.prettier-vscode, startup: false, activationEvent: 'onStartupFinished'
[2022-03-10 14:29:32.287] [exthost] [info] ExtensionService#_doActivateExtension ritwickdey.LiveServer, startup: false, activationEvent: 'onStartupFinished'
[2022-03-10 14:29:32.936] [exthost] [info] Eager extensions activated
[2022-03-10 14:33:57.827] [exthost] [info] extension host terminating: received terminate message from renderer
[2022-03-10 14:33:57.873] [exthost] [info] Lock '/home/flbo/.vscode-server/data/User/workspaceStorage/7d4fccc95b49b33bedc4cf4a620f587e/vscode.lock': Marking the lockfile as scheduled to be released in 6000 ms.
[2022-03-10 14:33:58.090] [exthost] [info] Extension host with pid 378 exiting with code 0
