[2022-03-10T18:23:57.473Z] Validating found git in: git
[2022-03-10T18:23:57.902Z] Using git 2.25.1 from git
[2022-03-10T18:24:00.371Z] > git rev-parse --git-dir [17ms]
[2022-03-10T18:24:00.389Z] Open repository: /home/flbo/Prueba/uno
[2022-03-10T18:24:00.670Z] > git symbolic-ref --short HEAD [76ms]
[2022-03-10T18:24:00.738Z] > git for-each-ref --format=%(refname)%00%(upstream:short)%00%(objectname)%00%(upstream:track) refs/heads/main refs/remotes/main [19ms]
[2022-03-10T18:24:00.924Z] > git remote --verbose [6ms]
[2022-03-10T18:24:00.930Z] > git for-each-ref --sort -committerdate --format %(refname) %(objectname) %(*objectname) [96ms]
[2022-03-10T18:24:00.964Z] > git config --get commit.template [8ms]
[2022-03-10T18:24:04.750Z] > git symbolic-ref --short HEAD [11ms]
[2022-03-10T18:24:04.826Z] > git for-each-ref --format=%(refname)%00%(upstream:short)%00%(objectname)%00%(upstream:track) refs/heads/main refs/remotes/main [20ms]
[2022-03-10T18:24:04.895Z] > git for-each-ref --sort -committerdate --format %(refname) %(objectname) %(*objectname) [38ms]
[2022-03-10T18:24:04.909Z] > git remote --verbose [17ms]
[2022-03-10T18:24:04.990Z] > git config --get commit.template [29ms]
[2022-03-10T18:27:41.602Z] > git symbolic-ref --short HEAD [29ms]
[2022-03-10T18:27:41.672Z] > git for-each-ref --format=%(refname)%00%(upstream:short)%00%(objectname)%00%(upstream:track) refs/heads/main refs/remotes/main [29ms]
[2022-03-10T18:27:41.855Z] > git for-each-ref --sort -committerdate --format %(refname) %(objectname) %(*objectname) [76ms]
[2022-03-10T18:27:41.860Z] > git remote --verbose [18ms]
[2022-03-10T18:27:41.959Z] > git config --get commit.template [13ms]
[2022-03-10T18:27:47.161Z] > git symbolic-ref --short HEAD [31ms]
[2022-03-10T18:27:47.312Z] > git for-each-ref --format=%(refname)%00%(upstream:short)%00%(objectname)%00%(upstream:track) refs/heads/main refs/remotes/main [70ms]
[2022-03-10T18:27:47.577Z] > git for-each-ref --sort -committerdate --format %(refname) %(objectname) %(*objectname) [110ms]
[2022-03-10T18:27:47.580Z] > git remote --verbose [10ms]
[2022-03-10T18:27:47.742Z] > git config --get commit.template [10ms]
[2022-03-10T18:30:19.921Z] > git symbolic-ref --short HEAD [34ms]
[2022-03-10T18:30:20.001Z] > git for-each-ref --format=%(refname)%00%(upstream:short)%00%(objectname)%00%(upstream:track) refs/heads/main refs/remotes/main [20ms]
[2022-03-10T18:30:20.144Z] > git for-each-ref --sort -committerdate --format %(refname) %(objectname) %(*objectname) [93ms]
[2022-03-10T18:30:20.168Z] > git remote --verbose [29ms]
[2022-03-10T18:30:20.261Z] > git config --get commit.template [24ms]
[2022-03-10T18:32:42.371Z] > git symbolic-ref --short HEAD [26ms]
[2022-03-10T18:32:42.426Z] > git for-each-ref --format=%(refname)%00%(upstream:short)%00%(objectname)%00%(upstream:track) refs/heads/main refs/remotes/main [16ms]
[2022-03-10T18:32:42.529Z] > git for-each-ref --sort -committerdate --format %(refname) %(objectname) %(*objectname) [54ms]
[2022-03-10T18:32:42.548Z] > git remote --verbose [21ms]
[2022-03-10T18:32:42.621Z] > git config --get commit.template [13ms]
