[2022-03-10 14:21:08.052] [exthost] [info] Extension host with pid 160 started
[2022-03-10 14:21:08.281] [exthost] [info] Lock '/home/flbo/.vscode-server/data/User/workspaceStorage/7d4fccc95b49b33bedc4cf4a620f587e/vscode.lock': Lock acquired.
[2022-03-10 14:21:09.155] [exthost] [info] ExtensionService#_doActivateExtension vscode.debug-auto-launch, startup: true, activationEvent: '*'
[2022-03-10 14:21:09.252] [exthost] [info] ExtensionService#_doActivateExtension vscode.git-base, startup: true, activationEvent: '*', root cause: vscode.github
[2022-03-10 14:21:09.305] [exthost] [info] ExtensionService#_doActivateExtension vscode.ipynb, startup: true, activationEvent: '*'
[2022-03-10 14:21:09.504] [exthost] [info] ExtensionService#_doActivateExtension christian-kohler.path-intellisense, startup: true, activationEvent: '*'
[2022-03-10 14:21:10.205] [exthost] [info] ExtensionService#_doActivateExtension naumovs.color-highlight, startup: true, activationEvent: '*'
[2022-03-10 14:21:10.324] [exthost] [info] ExtensionService#_doActivateExtension vscode.git, startup: true, activationEvent: '*'
[2022-03-10 14:21:10.798] [exthost] [info] ExtensionService#_doActivateExtension vscode.github, startup: true, activationEvent: '*'
[2022-03-10 14:21:11.563] [exthost] [info] ExtensionService#_doActivateExtension vscode.emmet, startup: false, activationEvent: 'onStartupFinished'
[2022-03-10 14:21:11.742] [exthost] [info] ExtensionService#_doActivateExtension vscode.merge-conflict, startup: false, activationEvent: 'onStartupFinished'
[2022-03-10 14:21:11.807] [exthost] [info] ExtensionService#_doActivateExtension esbenp.prettier-vscode, startup: false, activationEvent: 'onStartupFinished'
[2022-03-10 14:21:14.277] [exthost] [info] ExtensionService#_doActivateExtension ritwickdey.LiveServer, startup: false, activationEvent: 'onStartupFinished'
[2022-03-10 14:21:18.727] [exthost] [info] Eager extensions activated
[2022-03-10 14:21:19.881] [exthost] [info] ExtensionService#_doActivateExtension vscode.extension-editing, startup: false, activationEvent: 'onLanguage:markdown'
[2022-03-10 14:21:20.187] [exthost] [info] ExtensionService#_doActivateExtension vscode.markdown-language-features, startup: false, activationEvent: 'onLanguage:markdown'
[2022-03-10 14:21:21.255] [exthost] [info] ExtensionService#_doActivateExtension vscode.markdown-math, startup: false, activationEvent: 'api', root cause: vscode.markdown-language-features
[2022-03-10 14:22:16.427] [exthost] [info] extension host terminating: received terminate message from renderer
[2022-03-10 14:22:16.428] [exthost] [info] Lock '/home/flbo/.vscode-server/data/User/workspaceStorage/7d4fccc95b49b33bedc4cf4a620f587e/vscode.lock': Marking the lockfile as scheduled to be released in 6000 ms.
[2022-03-10 14:22:16.668] [exthost] [info] Extension host with pid 160 exiting with code 0
